This is XeTeX, Version 3.141592653-2.6-0.999994 (TeX Live 2022) (preloaded format=xelatex 2022.7.18)  21 SEP 2022 08:38
entering extended mode
 restricted \write18 enabled.
 %&-line parsing enabled.
**user_guide.tex
(./user_guide.tex
LaTeX2e <2022-06-01> patch level 5
L3 programming layer <2022-07-15> (c:/texlive/2022/texmf-dist/tex/latex/base/bo
ok.cls
Document Class: book 2021/10/04 v1.4n Standard LaTeX document class
(c:/texlive/2022/texmf-dist/tex/latex/base/bk10.clo
File: bk10.clo 2021/10/04 v1.4n Standard LaTeX file (size option)
)
\c@part=\count181
\c@chapter=\count182
\c@section=\count183
\c@subsection=\count184
\c@subsubsection=\count185
\c@paragraph=\count186
\c@subparagraph=\count187
\c@figure=\count188
\c@table=\count189
\abovecaptionskip=\skip47
\belowcaptionskip=\skip48
\bibindent=\dimen138
) (c:/texlive/2022/texmf-dist/tex/latex/amsmath/amsmath.sty
Package: amsmath 2022/04/08 v2.17n AMS math features
\@mathmargin=\skip49
For additional information on amsmath, use the `?' option.
(c:/texlive/2022/texmf-dist/tex/latex/amsmath/amstext.sty
Package: amstext 2021/08/26 v2.01 AMS text
(c:/texlive/2022/texmf-dist/tex/latex/amsmath/amsgen.sty
File: amsgen.sty 1999/11/30 v2.0 generic functions
\@emptytoks=\toks16
\ex@=\dimen139
)) (c:/texlive/2022/texmf-dist/tex/latex/amsmath/amsbsy.sty
Package: amsbsy 1999/11/29 v1.2d Bold Symbols
\pmbraise@=\dimen140
) (c:/texlive/2022/texmf-dist/tex/latex/amsmath/amsopn.sty
Package: amsopn 2022/04/08 v2.04 operator names
)
\inf@bad=\count190
LaTeX Info: Redefining \frac on input line 234.
\uproot@=\count191
\leftroot@=\count192
LaTeX Info: Redefining \overline on input line 399.
LaTeX Info: Redefining \colon on input line 410.
\classnum@=\count193
\DOTSCASE@=\count194
LaTeX Info: Redefining \ldots on input line 496.
LaTeX Info: Redefining \dots on input line 499.
LaTeX Info: Redefining \cdots on input line 620.
\Mathstrutbox@=\box51
\strutbox@=\box52
LaTeX Info: Redefining \big on input line 722.
LaTeX Info: Redefining \Big on input line 723.
LaTeX Info: Redefining \bigg on input line 724.
LaTeX Info: Redefining \Bigg on input line 725.
\big@size=\dimen141
LaTeX Font Info:    Redeclaring font encoding OML on input line 743.
LaTeX Font Info:    Redeclaring font encoding OMS on input line 744.
\macc@depth=\count195
LaTeX Info: Redefining \bmod on input line 905.
LaTeX Info: Redefining \pmod on input line 910.
LaTeX Info: Redefining \smash on input line 940.
LaTeX Info: Redefining \relbar on input line 970.
LaTeX Info: Redefining \Relbar on input line 971.
\c@MaxMatrixCols=\count196
\dotsspace@=\muskip16
\c@parentequation=\count197
\dspbrk@lvl=\count198
\tag@help=\toks17
\row@=\count199
\column@=\count266
\maxfields@=\count267
\andhelp@=\toks18
\eqnshift@=\dimen142
\alignsep@=\dimen143
\tagshift@=\dimen144
\tagwidth@=\dimen145
\totwidth@=\dimen146
\lineht@=\dimen147
\@envbody=\toks19
\multlinegap=\skip50
\multlinetaggap=\skip51
\mathdisplay@stack=\toks20
LaTeX Info: Redefining \[ on input line 2953.
LaTeX Info: Redefining \] on input line 2954.
) (c:/texlive/2022/texmf-dist/tex/latex/amsfonts/amssymb.sty
Package: amssymb 2013/01/14 v3.01 AMS font symbols
(c:/texlive/2022/texmf-dist/tex/latex/amsfonts/amsfonts.sty
Package: amsfonts 2013/01/14 v3.01 Basic AMSFonts support
\symAMSa=\mathgroup4
\symAMSb=\mathgroup5
LaTeX Font Info:    Redeclaring math symbol \hbar on input line 98.
LaTeX Font Info:    Overwriting math alphabet `\mathfrak' in version `bold'
(Font)                  U/euf/m/n --> U/euf/b/n on input line 106.
)) (c:/texlive/2022/texmf-dist/tex/latex/lm/lmodern.sty
Package: lmodern 2015/05/01 v1.6.1 Latin Modern Fonts
LaTeX Font Info:    Overwriting symbol font `operators' in version `normal'
(Font)                  OT1/cmr/m/n --> OT1/lmr/m/n on input line 22.
LaTeX Font Info:    Overwriting symbol font `letters' in version `normal'
(Font)                  OML/cmm/m/it --> OML/lmm/m/it on input line 23.
LaTeX Font Info:    Overwriting symbol font `symbols' in version `normal'
(Font)                  OMS/cmsy/m/n --> OMS/lmsy/m/n on input line 24.
LaTeX Font Info:    Overwriting symbol font `largesymbols' in version `normal'
(Font)                  OMX/cmex/m/n --> OMX/lmex/m/n on input line 25.
LaTeX Font Info:    Overwriting symbol font `operators' in version `bold'
(Font)                  OT1/cmr/bx/n --> OT1/lmr/bx/n on input line 26.
LaTeX Font Info:    Overwriting symbol font `letters' in version `bold'
(Font)                  OML/cmm/b/it --> OML/lmm/b/it on input line 27.
LaTeX Font Info:    Overwriting symbol font `symbols' in version `bold'
(Font)                  OMS/cmsy/b/n --> OMS/lmsy/b/n on input line 28.
LaTeX Font Info:    Overwriting symbol font `largesymbols' in version `bold'
(Font)                  OMX/cmex/m/n --> OMX/lmex/m/n on input line 29.
LaTeX Font Info:    Overwriting math alphabet `\mathbf' in version `normal'
(Font)                  OT1/cmr/bx/n --> OT1/lmr/bx/n on input line 31.
LaTeX Font Info:    Overwriting math alphabet `\mathsf' in version `normal'
(Font)                  OT1/cmss/m/n --> OT1/lmss/m/n on input line 32.
LaTeX Font Info:    Overwriting math alphabet `\mathit' in version `normal'
(Font)                  OT1/cmr/m/it --> OT1/lmr/m/it on input line 33.
LaTeX Font Info:    Overwriting math alphabet `\mathtt' in version `normal'
(Font)                  OT1/cmtt/m/n --> OT1/lmtt/m/n on input line 34.
LaTeX Font Info:    Overwriting math alphabet `\mathbf' in version `bold'
(Font)                  OT1/cmr/bx/n --> OT1/lmr/bx/n on input line 35.
LaTeX Font Info:    Overwriting math alphabet `\mathsf' in version `bold'
(Font)                  OT1/cmss/bx/n --> OT1/lmss/bx/n on input line 36.
LaTeX Font Info:    Overwriting math alphabet `\mathit' in version `bold'
(Font)                  OT1/cmr/bx/it --> OT1/lmr/bx/it on input line 37.
LaTeX Font Info:    Overwriting math alphabet `\mathtt' in version `bold'
(Font)                  OT1/cmtt/m/n --> OT1/lmtt/m/n on input line 38.
) (c:/texlive/2022/texmf-dist/tex/generic/iftex/iftex.sty
Package: iftex 2022/02/03 v1.0f TeX engine tests
) (c:/texlive/2022/texmf-dist/tex/latex/unicode-math/unicode-math.sty (c:/texli
ve/2022/texmf-dist/tex/latex/l3kernel/expl3.sty
Package: expl3 2022-07-15 L3 programming layer (loader) 
(c:/texlive/2022/texmf-dist/tex/latex/l3backend/l3backend-xetex.def
File: l3backend-xetex.def 2022-07-01 L3 backend support: XeTeX
\g__graphics_track_int=\count268
\l__pdf_internal_box=\box53
\g__pdf_backend_object_int=\count269
\g__pdf_backend_annotation_int=\count270
\g__pdf_backend_link_int=\count271
))
Package: unicode-math 2020/01/31 v0.8q Unicode maths in XeLaTeX and LuaLaTeX
(c:/texlive/2022/texmf-dist/tex/latex/unicode-math/unicode-math-xetex.sty
Package: unicode-math-xetex 2020/01/31 v0.8q Unicode maths in XeLaTeX and LuaLa
TeX
(c:/texlive/2022/texmf-dist/tex/latex/l3packages/xparse/xparse.sty
Package: xparse 2022-06-22 L3 Experimental document command parser
) (c:/texlive/2022/texmf-dist/tex/latex/l3packages/l3keys2e/l3keys2e.sty
Package: l3keys2e 2022-06-22 LaTeX2e option processing using LaTeX3 keys
) (c:/texlive/2022/texmf-dist/tex/latex/fontspec/fontspec.sty
Package: fontspec 2022/01/15 v2.8a Font selection for XeLaTeX and LuaLaTeX
(c:/texlive/2022/texmf-dist/tex/latex/fontspec/fontspec-xetex.sty
Package: fontspec-xetex 2022/01/15 v2.8a Font selection for XeLaTeX and LuaLaTe
X
\l__fontspec_script_int=\count272
\l__fontspec_language_int=\count273
\l__fontspec_strnum_int=\count274
\l__fontspec_tmp_int=\count275
\l__fontspec_tmpa_int=\count276
\l__fontspec_tmpb_int=\count277
\l__fontspec_tmpc_int=\count278
\l__fontspec_em_int=\count279
\l__fontspec_emdef_int=\count280
\l__fontspec_strong_int=\count281
\l__fontspec_strongdef_int=\count282
\l__fontspec_tmpa_dim=\dimen148
\l__fontspec_tmpb_dim=\dimen149
\l__fontspec_tmpc_dim=\dimen150
(c:/texlive/2022/texmf-dist/tex/latex/base/fontenc.sty
Package: fontenc 2021/04/29 v2.0v Standard LaTeX package
) (c:/texlive/2022/texmf-dist/tex/latex/fontspec/fontspec.cfg))) (c:/texlive/20
22/texmf-dist/tex/latex/base/fix-cm.sty
Package: fix-cm 2020/11/24 v1.1t fixes to LaTeX
(c:/texlive/2022/texmf-dist/tex/latex/base/ts1enc.def
File: ts1enc.def 2001/06/05 v3.0e (jk/car/fm) Standard LaTeX file
LaTeX Font Info:    Redeclaring font encoding TS1 on input line 47.
))
\g__um_fam_int=\count283
\g__um_fonts_used_int=\count284
\l__um_primecount_int=\count285
\g__um_primekern_muskip=\muskip17
(c:/texlive/2022/texmf-dist/tex/latex/unicode-math/unicode-math-table.tex))) (c
:/texlive/2022/texmf-dist/tex/latex/upquote/upquote.sty
Package: upquote 2012/04/19 v1.3 upright-quote and grave-accent glyphs in verba
tim
(c:/texlive/2022/texmf-dist/tex/latex/base/textcomp.sty
Package: textcomp 2020/02/02 v2.0n Standard LaTeX package
)) (c:/texlive/2022/texmf-dist/tex/latex/microtype/microtype.sty
Package: microtype 2022/06/23 v3.0f Micro-typographical refinements (RS)
(c:/texlive/2022/texmf-dist/tex/latex/graphics/keyval.sty
Package: keyval 2022/05/29 v1.15 key=value parser (DPC)
\KV@toks@=\toks21
) (c:/texlive/2022/texmf-dist/tex/latex/etoolbox/etoolbox.sty
Package: etoolbox 2020/10/05 v2.5k e-TeX tools for LaTeX (JAW)
\etb@tempcnta=\count286
)
\MT@toks=\toks22
\MT@tempbox=\box54
\MT@count=\count287
LaTeX Info: Redefining \noprotrusionifhmode on input line 1045.
LaTeX Info: Redefining \leftprotrusion on input line 1046.
LaTeX Info: Redefining \rightprotrusion on input line 1056.
LaTeX Info: Redefining \textls on input line 1234.
\MT@outer@kern=\dimen151
LaTeX Info: Redefining \textmicrotypecontext on input line 1858.
\MT@listname@count=\count288
(c:/texlive/2022/texmf-dist/tex/latex/microtype/microtype-xetex.def
File: microtype-xetex.def 2022/06/23 v3.0f Definitions specific to xetex (RS)
LaTeX Info: Redefining \lsstyle on input line 236.
)
Package microtype Info: Loading configuration file microtype.cfg.
(c:/texlive/2022/texmf-dist/tex/latex/microtype/microtype.cfg
File: microtype.cfg 2022/06/23 v3.0f microtype main configuration file (RS)
)) (c:/texlive/2022/texmf-dist/tex/latex/parskip/parskip.sty
Package: parskip 2021-03-14 v2.0h non-zero parskip adjustments
(c:/texlive/2022/texmf-dist/tex/latex/kvoptions/kvoptions.sty
Package: kvoptions 2022-06-15 v3.15 Key value format for package options (HO)
(c:/texlive/2022/texmf-dist/tex/generic/ltxcmds/ltxcmds.sty
Package: ltxcmds 2020-05-10 v1.25 LaTeX kernel commands for general use (HO)
) (c:/texlive/2022/texmf-dist/tex/generic/kvsetkeys/kvsetkeys.sty
Package: kvsetkeys 2019/12/15 v1.18 Key value parser (HO)
))) (c:/texlive/2022/texmf-dist/tex/latex/xcolor/xcolor.sty
Package: xcolor 2022/06/12 v2.14 LaTeX color extensions (UK)
(c:/texlive/2022/texmf-dist/tex/latex/graphics-cfg/color.cfg
File: color.cfg 2016/01/02 v1.6 sample color configuration
)
Package xcolor Info: Driver file: xetex.def on input line 227.
(c:/texlive/2022/texmf-dist/tex/latex/graphics-def/xetex.def
File: xetex.def 2022/04/16 v5.0m Graphics/color driver for xetex
) (c:/texlive/2022/texmf-dist/tex/latex/graphics/mathcolor.ltx)
Package xcolor Info: Model `cmy' substituted by `cmy0' on input line 1353.
Package xcolor Info: Model `RGB' extended on input line 1369.
Package xcolor Info: Model `HTML' substituted by `rgb' on input line 1371.
Package xcolor Info: Model `Hsb' substituted by `hsb' on input line 1372.
Package xcolor Info: Model `tHsb' substituted by `hsb' on input line 1373.
Package xcolor Info: Model `HSB' substituted by `hsb' on input line 1374.
Package xcolor Info: Model `Gray' substituted by `gray' on input line 1375.
Package xcolor Info: Model `wave' substituted by `hsb' on input line 1376.
) (c:/texlive/2022/texmf-dist/tex/latex/fancyvrb/fancyvrb.sty
Package: fancyvrb 2022/06/06 4.5 verbatim text (tvz,hv)
\FV@CodeLineNo=\count289
\FV@InFile=\read2
\FV@TabBox=\box55
\c@FancyVerbLine=\count290
\FV@StepNumber=\count291
\FV@OutFile=\write3
) (c:/texlive/2022/texmf-dist/tex/latex/framed/framed.sty
Package: framed 2011/10/22 v 0.96: framed or shaded text with page breaks
\OuterFrameSep=\skip52
\fb@frw=\dimen152
\fb@frh=\dimen153
\FrameRule=\dimen154
\FrameSep=\dimen155
) (c:/texlive/2022/texmf-dist/tex/latex/tools/longtable.sty
Package: longtable 2021-09-01 v4.17 Multi-page Table package (DPC)
\LTleft=\skip53
\LTright=\skip54
\LTpre=\skip55
\LTpost=\skip56
\LTchunksize=\count292
\LTcapwidth=\dimen156
\LT@head=\box56
\LT@firsthead=\box57
\LT@foot=\box58
\LT@lastfoot=\box59
\LT@gbox=\box60
\LT@cols=\count293
\LT@rows=\count294
\c@LT@tables=\count295
\c@LT@chunks=\count296
\LT@p@ftn=\toks23
) (c:/texlive/2022/texmf-dist/tex/latex/booktabs/booktabs.sty
Package: booktabs 2020/01/12 v1.61803398 Publication quality tables
\heavyrulewidth=\dimen157
\lightrulewidth=\dimen158
\cmidrulewidth=\dimen159
\belowrulesep=\dimen160
\belowbottomsep=\dimen161
\aboverulesep=\dimen162
\abovetopsep=\dimen163
\cmidrulesep=\dimen164
\cmidrulekern=\dimen165
\defaultaddspace=\dimen166
\@cmidla=\count297
\@cmidlb=\count298
\@aboverulesep=\dimen167
\@belowrulesep=\dimen168
\@thisruleclass=\count299
\@lastruleclass=\count300
\@thisrulewidth=\dimen169
) (c:/texlive/2022/texmf-dist/tex/latex/tools/array.sty
Package: array 2022/03/10 v2.5f Tabular extension package (FMi)
\col@sep=\dimen170
\ar@mcellbox=\box61
\extrarowheight=\dimen171
\NC@list=\toks24
\extratabsurround=\skip57
\backup@length=\skip58
\ar@cellbox=\box62
) (c:/texlive/2022/texmf-dist/tex/latex/tools/calc.sty
Package: calc 2017/05/25 v4.3 Infix arithmetic (KKT,FJ)
\calc@Acount=\count301
\calc@Bcount=\count302
\calc@Adimen=\dimen172
\calc@Bdimen=\dimen173
\calc@Askip=\skip59
\calc@Bskip=\skip60
LaTeX Info: Redefining \setlength on input line 80.
LaTeX Info: Redefining \addtolength on input line 81.
\calc@Ccount=\count303
\calc@Cskip=\skip61
) (c:/texlive/2022/texmf-dist/tex/latex/footnotehyper/footnotehyper.sty
Package: footnotehyper 2021/08/13 v1.1e hyperref aware footnote.sty (JFB)
\FNH@notes=\box63
\FNH@width=\dimen174
\FNH@toks=\toks25
) (c:/texlive/2022/texmf-dist/tex/latex/graphics/graphicx.sty
Package: graphicx 2021/09/16 v1.2d Enhanced LaTeX Graphics (DPC,SPQR)
(c:/texlive/2022/texmf-dist/tex/latex/graphics/graphics.sty
Package: graphics 2022/03/10 v1.4e Standard LaTeX Graphics (DPC,SPQR)
(c:/texlive/2022/texmf-dist/tex/latex/graphics/trig.sty
Package: trig 2021/08/11 v1.11 sin cos tan (DPC)
) (c:/texlive/2022/texmf-dist/tex/latex/graphics-cfg/graphics.cfg
File: graphics.cfg 2016/06/04 v1.11 sample graphics configuration
)
Package graphics Info: Driver file: xetex.def on input line 107.
)
\Gin@req@height=\dimen175
\Gin@req@width=\dimen176
) (c:/texlive/2022/texmf-dist/tex/generic/ulem/ulem.sty
\UL@box=\box64
\UL@hyphenbox=\box65
\UL@skip=\skip62
\UL@hook=\toks26
\UL@height=\dimen177
\UL@pe=\count304
\UL@pixel=\dimen178
\ULC@box=\box66
Package: ulem 2019/11/18
\ULdepth=\dimen179
) (c:/texlive/2022/texmf-dist/tex/latex/multirow/multirow.sty
Package: multirow 2021/03/15 v2.8 Span multiple rows of a table
\multirow@colwidth=\skip63
\multirow@cntb=\count305
\multirow@dima=\skip64
\bigstrutjot=\dimen180
) (c:/texlive/2022/texmf-dist/tex/latex/wrapfig/wrapfig.sty
\wrapoverhang=\dimen181
\WF@size=\dimen182
\c@WF@wrappedlines=\count306
\WF@box=\box67
\WF@everypar=\toks27
Package: wrapfig 2003/01/31  v 3.6
) (c:/texlive/2022/texmf-dist/tex/latex/float/float.sty
Package: float 2001/11/08 v1.3d Float enhancements (AL)
\c@float@type=\count307
\float@exts=\toks28
\float@box=\box68
\@float@everytoks=\toks29
\@floatcapt=\box69
) (c:/texlive/2022/texmf-dist/tex/latex/colortbl/colortbl.sty
Package: colortbl 2020/01/04 v1.0e Color table columns (DPC)
\everycr=\toks30
\minrowclearance=\skip65
) (c:/texlive/2022/texmf-dist/tex/latex/pdflscape/pdflscape.sty
Package: pdflscape 2019/12/05 v0.12 Display of landscape pages in PDF (HO)
(c:/texlive/2022/texmf-dist/tex/latex/graphics/lscape.sty
Package: lscape 2020/05/28 v3.02 Landscape Pages (DPC)
)
Package pdflscape Info: Auto-detected driver: dvipdfm (xetex) on input line 98.

(c:/texlive/2022/texmf-dist/tex/latex/base/atbegshi-ltx.sty
Package: atbegshi-ltx 2021/01/10 v1.0c Emulation of the original atbegshi
package with kernel methods
)) (c:/texlive/2022/texmf-dist/tex/latex/tabu/tabu.sty
Package: tabu 2019/01/11 v2.9 - flexible LaTeX tabulars (FC+tabu-fixed)
(c:/texlive/2022/texmf-dist/tex/latex/varwidth/varwidth.sty
Package: varwidth 2009/03/30 ver 0.92;  Variable-width minipages
\@vwid@box=\box70
\sift@deathcycles=\count308
\@vwid@loff=\dimen183
\@vwid@roff=\dimen184
)
\c@taburow=\count309
\tabu@nbcols=\count310
\tabu@cnt=\count311
\tabu@Xcol=\count312
\tabu@alloc=\count313
\tabu@nested=\count314
\tabu@target=\dimen185
\tabu@spreadtarget=\dimen186
\tabu@naturalX=\dimen187
\tabucolX=\dimen188
\tabu@Xsum=\dimen189
\extrarowdepth=\dimen190
\abovetabulinesep=\dimen191
\belowtabulinesep=\dimen192
\tabustrutrule=\dimen193
\tabu@thebody=\toks31
\tabu@footnotes=\toks32
\tabu@box=\box71
\tabu@arstrutbox=\box72
\tabu@hleads=\box73
\tabu@vleads=\box74
\tabu@cellskip=\skip66
) (c:/texlive/2022/texmf-dist/tex/latex/threeparttable/threeparttable.sty
Package: threeparttable 2003/06/13  v 3.0
\@tempboxb=\box75
) (c:/texlive/2022/texmf-dist/tex/latex/threeparttablex/threeparttablex.sty
Package: threeparttablex 2013/07/23 v0.3 by daleif
(c:/texlive/2022/texmf-dist/tex/latex/environ/environ.sty
Package: environ 2014/05/04 v0.3 A new way to define environments
(c:/texlive/2022/texmf-dist/tex/latex/trimspaces/trimspaces.sty
Package: trimspaces 2009/09/17 v1.1 Trim spaces around a token list
))
\TPTL@width=\skip67
) (c:/texlive/2022/texmf-dist/tex/latex/makecell/makecell.sty
Package: makecell 2009/08/03 V0.1e Managing of Tab Column Heads and Cells
\rotheadsize=\dimen194
\c@nlinenum=\count315
\TeXr@lab=\toks33
) (c:/texlive/2022/texmf-dist/tex/latex/natbib/natbib.sty
Package: natbib 2010/09/13 8.31b (PWD, AO)
\bibhang=\skip68
\bibsep=\skip69
LaTeX Info: Redefining \cite on input line 694.
\c@NAT@ctr=\count316
) (c:/texlive/2022/texmf-dist/tex/latex/bookmark/bookmark.sty
Package: bookmark 2020-11-06 v1.29 PDF bookmarks (HO)
(c:/texlive/2022/texmf-dist/tex/latex/hyperref/hyperref.sty
Package: hyperref 2022-06-20 v7.00s Hypertext links for LaTeX
(c:/texlive/2022/texmf-dist/tex/generic/pdftexcmds/pdftexcmds.sty
Package: pdftexcmds 2020-06-27 v0.33 Utility functions of pdfTeX for LuaTeX (HO
)
(c:/texlive/2022/texmf-dist/tex/generic/infwarerr/infwarerr.sty
Package: infwarerr 2019/12/03 v1.5 Providing info/warning/error messages (HO)
)
Package pdftexcmds Info: \pdf@primitive is available.
Package pdftexcmds Info: \pdf@ifprimitive is available.
Package pdftexcmds Info: \pdfdraftmode not found.
) (c:/texlive/2022/texmf-dist/tex/generic/kvdefinekeys/kvdefinekeys.sty
Package: kvdefinekeys 2019-12-19 v1.6 Define keys (HO)
) (c:/texlive/2022/texmf-dist/tex/generic/pdfescape/pdfescape.sty
Package: pdfescape 2019/12/09 v1.15 Implements pdfTeX's escape features (HO)
) (c:/texlive/2022/texmf-dist/tex/latex/hycolor/hycolor.sty
Package: hycolor 2020-01-27 v1.10 Color options for hyperref/bookmark (HO)
) (c:/texlive/2022/texmf-dist/tex/latex/letltxmacro/letltxmacro.sty
Package: letltxmacro 2019/12/03 v1.6 Let assignment for LaTeX macros (HO)
) (c:/texlive/2022/texmf-dist/tex/latex/auxhook/auxhook.sty
Package: auxhook 2019-12-17 v1.6 Hooks for auxiliary files (HO)
) (c:/texlive/2022/texmf-dist/tex/latex/hyperref/nameref.sty
Package: nameref 2022-05-17 v2.50 Cross-referencing by name of section
(c:/texlive/2022/texmf-dist/tex/latex/refcount/refcount.sty
Package: refcount 2019/12/15 v3.6 Data extraction from label references (HO)
) (c:/texlive/2022/texmf-dist/tex/generic/gettitlestring/gettitlestring.sty
Package: gettitlestring 2019/12/15 v1.6 Cleanup title references (HO)
)
\c@section@level=\count317
)
\@linkdim=\dimen195
\Hy@linkcounter=\count318
\Hy@pagecounter=\count319
(c:/texlive/2022/texmf-dist/tex/latex/hyperref/pd1enc.def
File: pd1enc.def 2022-06-20 v7.00s Hyperref: PDFDocEncoding definition (HO)
) (c:/texlive/2022/texmf-dist/tex/generic/intcalc/intcalc.sty
Package: intcalc 2019/12/15 v1.3 Expandable calculations with integers (HO)
) (c:/texlive/2022/texmf-dist/tex/generic/etexcmds/etexcmds.sty
Package: etexcmds 2019/12/15 v1.7 Avoid name clashes with e-TeX commands (HO)
)
\Hy@SavedSpaceFactor=\count320
(c:/texlive/2022/texmf-dist/tex/latex/hyperref/puenc.def
File: puenc.def 2022-06-20 v7.00s Hyperref: PDF Unicode definition (HO)
)
Package hyperref Info: Option `unicode' set `true' on input line 4045.
Package hyperref Info: Hyper figures OFF on input line 4162.
Package hyperref Info: Link nesting OFF on input line 4167.
Package hyperref Info: Hyper index ON on input line 4170.
Package hyperref Info: Plain pages OFF on input line 4177.
Package hyperref Info: Backreferencing OFF on input line 4182.
Package hyperref Info: Implicit mode ON; LaTeX internals redefined.
Package hyperref Info: Bookmarks ON on input line 4408.
\c@Hy@tempcnt=\count321
(c:/texlive/2022/texmf-dist/tex/latex/url/url.sty
\Urlmuskip=\muskip18
Package: url 2013/09/16  ver 3.4  Verb mode for urls, etc.
)
LaTeX Info: Redefining \url on input line 4746.
\XeTeXLinkMargin=\dimen196
(c:/texlive/2022/texmf-dist/tex/generic/bitset/bitset.sty
Package: bitset 2019/12/09 v1.3 Handle bit-vector datatype (HO)
(c:/texlive/2022/texmf-dist/tex/generic/bigintcalc/bigintcalc.sty
Package: bigintcalc 2019/12/15 v1.5 Expandable calculations on big integers (HO
)
))
\Fld@menulength=\count322
\Field@Width=\dimen197
\Fld@charsize=\dimen198
Package hyperref Info: Hyper figures OFF on input line 6024.
Package hyperref Info: Link nesting OFF on input line 6029.
Package hyperref Info: Hyper index ON on input line 6032.
Package hyperref Info: backreferencing OFF on input line 6039.
Package hyperref Info: Link coloring OFF on input line 6044.
Package hyperref Info: Link coloring with OCG OFF on input line 6049.
Package hyperref Info: PDF/A mode OFF on input line 6054.
\Hy@abspage=\count323
\c@Item=\count324
\c@Hfootnote=\count325
)
Package hyperref Info: Driver (autodetected): hxetex.
(c:/texlive/2022/texmf-dist/tex/latex/hyperref/hxetex.def
File: hxetex.def 2022-06-20 v7.00s Hyperref driver for XeTeX
(c:/texlive/2022/texmf-dist/tex/generic/stringenc/stringenc.sty
Package: stringenc 2019/11/29 v1.12 Convert strings between diff. encodings (HO
)
)
\pdfm@box=\box76
\c@Hy@AnnotLevel=\count326
\HyField@AnnotCount=\count327
\Fld@listcount=\count328
\c@bookmark@seq@number=\count329
(c:/texlive/2022/texmf-dist/tex/latex/rerunfilecheck/rerunfilecheck.sty
Package: rerunfilecheck 2022-07-10 v1.10 Rerun checks for auxiliary files (HO)
(c:/texlive/2022/texmf-dist/tex/latex/base/atveryend-ltx.sty
Package: atveryend-ltx 2020/08/19 v1.0a Emulation of the original atveryend pac
kage
with kernel methods
) (c:/texlive/2022/texmf-dist/tex/generic/uniquecounter/uniquecounter.sty
Package: uniquecounter 2019/12/15 v1.4 Provide unlimited unique counter (HO)
)
Package uniquecounter Info: New unique counter `rerunfilecheck' on input line 2
85.
)
\Hy@SectionHShift=\skip70
) (c:/texlive/2022/texmf-dist/tex/latex/bookmark/bkm-dvipdfm.def
File: bkm-dvipdfm.def 2020-11-06 v1.29 bookmark driver for dvipdfm (HO)
\BKM@id=\count330
)) (c:/texlive/2022/texmf-dist/tex/latex/xurl/xurl.sty
Package: xurl 2022/01/09 v 0.10 modify URL breaks
)
No file user_guide.aux.
\openout1 = `user_guide.aux'.

LaTeX Font Info:    Checking defaults for OML/cmm/m/it on input line 137.
LaTeX Font Info:    ... okay on input line 137.
LaTeX Font Info:    Checking defaults for OMS/cmsy/m/n on input line 137.
LaTeX Font Info:    ... okay on input line 137.
LaTeX Font Info:    Checking defaults for OT1/cmr/m/n on input line 137.
LaTeX Font Info:    ... okay on input line 137.
LaTeX Font Info:    Checking defaults for T1/cmr/m/n on input line 137.
LaTeX Font Info:    ... okay on input line 137.
LaTeX Font Info:    Checking defaults for TS1/cmr/m/n on input line 137.
LaTeX Font Info:    ... okay on input line 137.
LaTeX Font Info:    Checking defaults for TU/lmr/m/n on input line 137.
LaTeX Font Info:    ... okay on input line 137.
LaTeX Font Info:    Checking defaults for OMX/cmex/m/n on input line 137.
LaTeX Font Info:    ... okay on input line 137.
LaTeX Font Info:    Checking defaults for U/cmr/m/n on input line 137.
LaTeX Font Info:    ... okay on input line 137.
LaTeX Font Info:    Checking defaults for PD1/pdf/m/n on input line 137.
LaTeX Font Info:    ... okay on input line 137.
LaTeX Font Info:    Checking defaults for PU/pdf/m/n on input line 137.
LaTeX Font Info:    ... okay on input line 137.
LaTeX Font Info:    Overwriting math alphabet `\mathrm' in version `normal'
(Font)                  OT1/lmr/m/n --> TU/lmr/m/n on input line 137.
LaTeX Font Info:    Overwriting math alphabet `\mathit' in version `normal'
(Font)                  OT1/lmr/m/it --> TU/lmr/m/it on input line 137.
LaTeX Font Info:    Overwriting math alphabet `\mathbf' in version `normal'
(Font)                  OT1/lmr/bx/n --> TU/lmr/bx/n on input line 137.
LaTeX Font Info:    Overwriting math alphabet `\mathsf' in version `normal'
(Font)                  OT1/lmss/m/n --> TU/lmss/m/n on input line 137.
LaTeX Font Info:    Overwriting math alphabet `\mathsf' in version `bold'
(Font)                  OT1/lmss/bx/n --> TU/lmss/bx/n on input line 137.
LaTeX Font Info:    Overwriting math alphabet `\mathtt' in version `normal'
(Font)                  OT1/lmtt/m/n --> TU/lmtt/m/n on input line 137.
LaTeX Font Info:    Overwriting math alphabet `\mathtt' in version `bold'
(Font)                  OT1/lmtt/m/n --> TU/lmtt/bx/n on input line 137.

Package fontspec Info: latinmodern-math scale = 0.9999964596882403.


Package fontspec Info: latinmodern-math scale = 0.9999964596882403.


Package fontspec Info: latinmodern-math scale = 0.9999964596882403.


Package fontspec Info: Font family 'latinmodern-math.otf(0)' created for font
(fontspec)             'latinmodern-math.otf' with options
(fontspec)             [Scale=MatchLowercase,BoldItalicFont={},ItalicFont={},Sm
allCapsFont={},Script=Math,BoldFont={latinmodern-math.otf}].
(fontspec)              
(fontspec)              This font family consists of the following NFSS
(fontspec)             series/shapes:
(fontspec)              
(fontspec)             - 'normal' (m/n) with NFSS spec.:
(fontspec)             <->s*[0.9999964596882403]"[latinmodern-math.otf]/OT:scri
pt=math;language=dflt;"
(fontspec)             - 'small caps'  (m/sc) with NFSS spec.: 
(fontspec)             - 'bold' (b/n) with NFSS spec.:
(fontspec)             <->s*[0.9999964596882403]"[latinmodern-math.otf]/OT:scri
pt=math;language=dflt;"
(fontspec)             - 'bold small caps'  (b/sc) with NFSS spec.: 

LaTeX Font Info:    Font shape `TU/latinmodern-math.otf(0)/m/n' will be
(Font)              scaled to size 10.0pt on input line 137.

Package fontspec Info: latinmodern-math scale = 0.9999964596882403.


Package fontspec Info: latinmodern-math scale = 0.9999964596882403.


Package fontspec Info: latinmodern-math scale = 0.9999964596882403.


Package fontspec Info: latinmodern-math scale = 0.9999964596882403.


Package fontspec Info: latinmodern-math scale = 0.9999964596882403.


Package fontspec Info: Font family 'latinmodern-math.otf(1)' created for font
(fontspec)             'latinmodern-math.otf' with options
(fontspec)             [Scale=MatchLowercase,BoldItalicFont={},ItalicFont={},Sm
allCapsFont={},Script=Math,SizeFeatures={{Size=8.5-},{Size=6-8.5,Font=latinmode
rn-math.otf,Style=MathScript},{Size=-6,Font=latinmodern-math.otf,Style=MathScri
ptScript}},BoldFont={latinmodern-math.otf}].
(fontspec)              
(fontspec)              This font family consists of the following NFSS
(fontspec)             series/shapes:
(fontspec)              
(fontspec)             - 'normal' (m/n) with NFSS spec.:
(fontspec)             <8.5->s*[0.9999964596882403]"[latinmodern-math.otf]/OT:s
cript=math;language=dflt;"<6-8.5>s*[0.9999964596882403]"[latinmodern-math.otf]/
OT:script=math;language=dflt;+ssty=0;"<-6>s*[0.9999964596882403]"[latinmodern-m
ath.otf]/OT:script=math;language=dflt;+ssty=1;"
(fontspec)             - 'small caps'  (m/sc) with NFSS spec.: 
(fontspec)             - 'bold' (b/n) with NFSS spec.:
(fontspec)             <->s*[0.9999964596882403]"[latinmodern-math.otf]/OT:scri
pt=math;language=dflt;"
(fontspec)             - 'bold small caps'  (b/sc) with NFSS spec.: 

LaTeX Font Info:    Font shape `TU/latinmodern-math.otf(1)/m/n' will be
(Font)              scaled to size 10.0pt on input line 137.
LaTeX Font Info:    Encoding `OT1' has changed to `TU' for symbol font
(Font)              `operators' in the math version `normal' on input line 137.

LaTeX Font Info:    Overwriting symbol font `operators' in version `normal'
(Font)                  OT1/lmr/m/n --> TU/latinmodern-math.otf(1)/m/n on input
 line 137.
LaTeX Font Info:    Encoding `OT1' has changed to `TU' for symbol font
(Font)              `operators' in the math version `bold' on input line 137.
LaTeX Font Info:    Overwriting symbol font `operators' in version `bold'
(Font)                  OT1/lmr/bx/n --> TU/latinmodern-math.otf(1)/b/n on inpu
t line 137.

Package fontspec Info: latinmodern-math scale = 0.9999964596882403.


Package fontspec Info: latinmodern-math scale = 1.000096459334209.


Package fontspec Info: latinmodern-math scale = 0.9999964596882403.


Package fontspec Info: latinmodern-math scale = 1.000096459334209.


Package fontspec Info: latinmodern-math scale = 0.9999964596882403.


Package fontspec Info: latinmodern-math scale = 1.000096459334209.


Package fontspec Info: latinmodern-math scale = 0.9999964596882403.


Package fontspec Info: latinmodern-math scale = 1.000096459334209.


Package fontspec Info: latinmodern-math scale = 0.9999964596882403.


Package fontspec Info: latinmodern-math scale = 1.000096459334209.


Package fontspec Info: Font family 'latinmodern-math.otf(2)' created for font
(fontspec)             'latinmodern-math.otf' with options
(fontspec)             [Scale=MatchLowercase,BoldItalicFont={},ItalicFont={},Sm
allCapsFont={},Script=Math,SizeFeatures={{Size=8.5-},{Size=6-8.5,Font=latinmode
rn-math.otf,Style=MathScript},{Size=-6,Font=latinmodern-math.otf,Style=MathScri
ptScript}},BoldFont={latinmodern-math.otf},ScaleAgain=1.0001,FontAdjustment={\f
ontdimen
(fontspec)             8\font =6.77pt\relax \fontdimen 9\font =3.94pt\relax
(fontspec)             \fontdimen 10\font =4.44pt\relax \fontdimen 11\font
(fontspec)             =6.86pt\relax \fontdimen 12\font =3.45pt\relax
(fontspec)             \fontdimen 13\font =3.63pt\relax \fontdimen 14\font
(fontspec)             =3.63pt\relax \fontdimen 15\font =2.89pt\relax
(fontspec)             \fontdimen 16\font =2.47pt\relax \fontdimen 17\font
(fontspec)             =2.47pt\relax \fontdimen 18\font =2.5pt\relax
(fontspec)             \fontdimen 19\font =2.0pt\relax \fontdimen 22\font
(fontspec)             =2.5pt\relax \fontdimen 20\font =0pt\relax \fontdimen
(fontspec)             21\font =0pt\relax }].
(fontspec)              
(fontspec)              This font family consists of the following NFSS
(fontspec)             series/shapes:
(fontspec)              
(fontspec)             - 'normal' (m/n) with NFSS spec.:
(fontspec)             <8.5->s*[1.000096459334209]"[latinmodern-math.otf]/OT:sc
ript=math;language=dflt;"<6-8.5>s*[1.000096459334209]"[latinmodern-math.otf]/OT
:script=math;language=dflt;+ssty=0;"<-6>s*[1.000096459334209]"[latinmodern-math
.otf]/OT:script=math;language=dflt;+ssty=1;"
(fontspec)             - 'small caps'  (m/sc) with NFSS spec.: 
(fontspec)             and font adjustment code:
(fontspec)             \fontdimen 8\font =6.77pt\relax \fontdimen 9\font
(fontspec)             =3.94pt\relax \fontdimen 10\font =4.44pt\relax
(fontspec)             \fontdimen 11\font =6.86pt\relax \fontdimen 12\font
(fontspec)             =3.45pt\relax \fontdimen 13\font =3.63pt\relax
(fontspec)             \fontdimen 14\font =3.63pt\relax \fontdimen 15\font
(fontspec)             =2.89pt\relax \fontdimen 16\font =2.47pt\relax
(fontspec)             \fontdimen 17\font =2.47pt\relax \fontdimen 18\font
(fontspec)             =2.5pt\relax \fontdimen 19\font =2.0pt\relax \fontdimen
(fontspec)             22\font =2.5pt\relax \fontdimen 20\font =0pt\relax
(fontspec)             \fontdimen 21\font =0pt\relax 
(fontspec)             - 'bold' (b/n) with NFSS spec.:
(fontspec)             <->s*[1.000096459334209]"[latinmodern-math.otf]/OT:scrip
t=math;language=dflt;"
(fontspec)             - 'bold small caps'  (b/sc) with NFSS spec.: 
(fontspec)             and font adjustment code:
(fontspec)             \fontdimen 8\font =6.77pt\relax \fontdimen 9\font
(fontspec)             =3.94pt\relax \fontdimen 10\font =4.44pt\relax
(fontspec)             \fontdimen 11\font =6.86pt\relax \fontdimen 12\font
(fontspec)             =3.45pt\relax \fontdimen 13\font =3.63pt\relax
(fontspec)             \fontdimen 14\font =3.63pt\relax \fontdimen 15\font
(fontspec)             =2.89pt\relax \fontdimen 16\font =2.47pt\relax
(fontspec)             \fontdimen 17\font =2.47pt\relax \fontdimen 18\font
(fontspec)             =2.5pt\relax \fontdimen 19\font =2.0pt\relax \fontdimen
(fontspec)             22\font =2.5pt\relax \fontdimen 20\font =0pt\relax
(fontspec)             \fontdimen 21\font =0pt\relax 

LaTeX Font Info:    Encoding `OMS' has changed to `TU' for symbol font
(Font)              `symbols' in the math version `normal' on input line 137.
LaTeX Font Info:    Overwriting symbol font `symbols' in version `normal'
(Font)                  OMS/lmsy/m/n --> TU/latinmodern-math.otf(2)/m/n on inpu
t line 137.
LaTeX Font Info:    Encoding `OMS' has changed to `TU' for symbol font
(Font)              `symbols' in the math version `bold' on input line 137.
LaTeX Font Info:    Overwriting symbol font `symbols' in version `bold'
(Font)                  OMS/lmsy/b/n --> TU/latinmodern-math.otf(2)/b/n on inpu
t line 137.

Package fontspec Info: latinmodern-math scale = 0.9999964596882403.


Package fontspec Info: latinmodern-math scale = 0.9998964600422715.


Package fontspec Info: latinmodern-math scale = 0.9999964596882403.


Package fontspec Info: latinmodern-math scale = 0.9998964600422715.


Package fontspec Info: latinmodern-math scale = 0.9999964596882403.


Package fontspec Info: latinmodern-math scale = 0.9998964600422715.


Package fontspec Info: latinmodern-math scale = 0.9999964596882403.


Package fontspec Info: latinmodern-math scale = 0.9998964600422715.


Package fontspec Info: latinmodern-math scale = 0.9999964596882403.


Package fontspec Info: latinmodern-math scale = 0.9998964600422715.


Package fontspec Info: Font family 'latinmodern-math.otf(3)' created for font
(fontspec)             'latinmodern-math.otf' with options
(fontspec)             [Scale=MatchLowercase,BoldItalicFont={},ItalicFont={},Sm
allCapsFont={},Script=Math,SizeFeatures={{Size=8.5-},{Size=6-8.5,Font=latinmode
rn-math.otf,Style=MathScript},{Size=-6,Font=latinmodern-math.otf,Style=MathScri
ptScript}},BoldFont={latinmodern-math.otf},ScaleAgain=0.9999,FontAdjustment={\f
ontdimen
(fontspec)             8\font =0.4pt\relax \fontdimen 9\font =2.0pt\relax
(fontspec)             \fontdimen 10\font =1.67pt\relax \fontdimen 11\font
(fontspec)             =1.11pt\relax \fontdimen 12\font =6.0pt\relax
(fontspec)             \fontdimen 13\font =0pt\relax }].
(fontspec)              
(fontspec)              This font family consists of the following NFSS
(fontspec)             series/shapes:
(fontspec)              
(fontspec)             - 'normal' (m/n) with NFSS spec.:
(fontspec)             <8.5->s*[0.9998964600422715]"[latinmodern-math.otf]/OT:s
cript=math;language=dflt;"<6-8.5>s*[0.9998964600422715]"[latinmodern-math.otf]/
OT:script=math;language=dflt;+ssty=0;"<-6>s*[0.9998964600422715]"[latinmodern-m
ath.otf]/OT:script=math;language=dflt;+ssty=1;"
(fontspec)             - 'small caps'  (m/sc) with NFSS spec.: 
(fontspec)             and font adjustment code:
(fontspec)             \fontdimen 8\font =0.4pt\relax \fontdimen 9\font
(fontspec)             =2.0pt\relax \fontdimen 10\font =1.67pt\relax
(fontspec)             \fontdimen 11\font =1.11pt\relax \fontdimen 12\font
(fontspec)             =6.0pt\relax \fontdimen 13\font =0pt\relax 
(fontspec)             - 'bold' (b/n) with NFSS spec.:
(fontspec)             <->s*[0.9998964600422715]"[latinmodern-math.otf]/OT:scri
pt=math;language=dflt;"
(fontspec)             - 'bold small caps'  (b/sc) with NFSS spec.: 
(fontspec)             and font adjustment code:
(fontspec)             \fontdimen 8\font =0.4pt\relax \fontdimen 9\font
(fontspec)             =2.0pt\relax \fontdimen 10\font =1.67pt\relax
(fontspec)             \fontdimen 11\font =1.11pt\relax \fontdimen 12\font
(fontspec)             =6.0pt\relax \fontdimen 13\font =0pt\relax 

LaTeX Font Info:    Encoding `OMX' has changed to `TU' for symbol font
(Font)              `largesymbols' in the math version `normal' on input line 1
37.
LaTeX Font Info:    Overwriting symbol font `largesymbols' in version `normal'
(Font)                  OMX/lmex/m/n --> TU/latinmodern-math.otf(3)/m/n on inpu
t line 137.
LaTeX Font Info:    Encoding `OMX' has changed to `TU' for symbol font
(Font)              `largesymbols' in the math version `bold' on input line 137
.
LaTeX Font Info:    Overwriting symbol font `largesymbols' in version `bold'
(Font)                  OMX/lmex/m/n --> TU/latinmodern-math.otf(3)/b/n on inpu
t line 137.
LaTeX Info: Redefining \microtypecontext on input line 137.
Package microtype Info: Applying patch `item' on input line 137.
Package microtype Info: Applying patch `toc' on input line 137.
Package microtype Info: Applying patch `eqnum' on input line 137.
Package microtype Info: Applying patch `footnote' on input line 137.
Package microtype Info: Character protrusion enabled (level 2).
Package microtype Info: Using protrusion set `basicmath'.
Package microtype Info: No adjustment of tracking.
Package microtype Info: No adjustment of spacing.
Package microtype Info: No adjustment of kerning.
(c:/texlive/2022/texmf-dist/tex/latex/microtype/mt-LatinModernRoman.cfg
File: mt-LatinModernRoman.cfg 2021/02/21 v1.1 microtype config. file: Latin Mod
ern Roman (RS)
)
Package hyperref Info: Link coloring OFF on input line 137.

Package hyperref Warning: Rerun to get /PageLabels entry.

LaTeX Font Info:    Font shape `TU/latinmodern-math.otf(1)/m/n' will be
(Font)              scaled to size 12.0pt on input line 139.
LaTeX Font Info:    Font shape `TU/latinmodern-math.otf(1)/m/n' will be
(Font)              scaled to size 8.0pt on input line 139.
LaTeX Font Info:    Font shape `TU/latinmodern-math.otf(1)/m/n' will be
(Font)              scaled to size 6.0pt on input line 139.
LaTeX Font Info:    Trying to load font information for OML+lmm on input line 1
39.
(c:/texlive/2022/texmf-dist/tex/latex/lm/omllmm.fd
File: omllmm.fd 2015/05/01 v1.6.1 Font defs for Latin Modern
)
LaTeX Font Info:    Font shape `TU/latinmodern-math.otf(2)/m/n' will be
(Font)              scaled to size 12.0011pt on input line 139.
LaTeX Font Info:    Font shape `TU/latinmodern-math.otf(2)/m/n' will be
(Font)              scaled to size 8.00073pt on input line 139.
LaTeX Font Info:    Font shape `TU/latinmodern-math.otf(2)/m/n' will be
(Font)              scaled to size 6.00055pt on input line 139.
LaTeX Font Info:    Font shape `TU/latinmodern-math.otf(3)/m/n' will be
(Font)              scaled to size 11.99872pt on input line 139.
LaTeX Font Info:    Font shape `TU/latinmodern-math.otf(3)/m/n' will be
(Font)              scaled to size 7.99915pt on input line 139.
LaTeX Font Info:    Font shape `TU/latinmodern-math.otf(3)/m/n' will be
(Font)              scaled to size 5.99936pt on input line 139.
LaTeX Font Info:    Trying to load font information for U+msa on input line 139
.
(c:/texlive/2022/texmf-dist/tex/latex/amsfonts/umsa.fd
File: umsa.fd 2013/01/14 v3.01 AMS symbols A
) (c:/texlive/2022/texmf-dist/tex/latex/microtype/mt-msa.cfg
File: mt-msa.cfg 2006/02/04 v1.1 microtype config. file: AMS symbols (a) (RS)
)
LaTeX Font Info:    Trying to load font information for U+msb on input line 139
.
(c:/texlive/2022/texmf-dist/tex/latex/amsfonts/umsb.fd
File: umsb.fd 2013/01/14 v3.01 AMS symbols B
) (c:/texlive/2022/texmf-dist/tex/latex/microtype/mt-msb.cfg
File: mt-msb.cfg 2005/06/01 v1.0 microtype config. file: AMS symbols (b) (RS)
) [1


] [2

]
No file user_guide.toc.
\tf@toc=\write4
\openout4 = `user_guide.toc'.

[3] [4

]
Underfull \vbox (badness 2310) has occurred while \output is active []

[5] [6] [7] [8

]
Chapter 1.
[9]
LaTeX Font Info:    Font shape `TU/lmtt/bx/n' in size <10> not available
(Font)              Font shape `TU/lmtt/b/n' tried instead on input line 340.
[10] [11] [12] [13] [14]
Chapter 2.
[15

] [16] [17] [18] [19] [20] [21] [22] [23] [24] [25]
Underfull \vbox (badness 1997) has occurred while \output is active []

[26] [27]
Overfull \hbox (10.13966pt too wide) in paragraph at lines 1057--1057
[]|\TU/lmr/m/n/10 automobile, 
 []


Overfull \hbox (3.04942pt too wide) in paragraph at lines 1057--1058
[]|\TU/lmr/m/n/10 gas/ethanol, 
 []


Overfull \hbox (18.37943pt too wide) in paragraph at lines 1057--1058
\TU/lmr/m/n/10 diesel/biodiesel, 
 []


Overfull \hbox (0.76942pt too wide) in paragraph at lines 1057--1058
\TU/lmr/m/n/10 CNG/RNG|  
 []


Overfull \hbox (10.13966pt too wide) in paragraph at lines 1058--1058
[]|\TU/lmr/m/n/10 automobile, 
 []


Overfull \hbox (3.04942pt too wide) in paragraph at lines 1058--1059
[]|\TU/lmr/m/n/10 gas/ethanol, 
 []


Overfull \hbox (18.37943pt too wide) in paragraph at lines 1058--1059
\TU/lmr/m/n/10 diesel/biodiesel, 
 []


Overfull \hbox (0.76942pt too wide) in paragraph at lines 1058--1059
\TU/lmr/m/n/10 CNG/RNG|  
 []


Overfull \hbox (10.13966pt too wide) in paragraph at lines 1059--1059
[]|\TU/lmr/m/n/10 automobile, 
 []


Overfull \hbox (3.04942pt too wide) in paragraph at lines 1059--1060
[]|\TU/lmr/m/n/10 gas/ethanol, 
 []


Overfull \hbox (18.37943pt too wide) in paragraph at lines 1059--1060
\TU/lmr/m/n/10 diesel/biodiesel, 
 []


Overfull \hbox (0.76942pt too wide) in paragraph at lines 1059--1060
\TU/lmr/m/n/10 CNG/RNG|  
 []


Overfull \hbox (3.04942pt too wide) in paragraph at lines 1060--1061
[]|\TU/lmr/m/n/10 gas/ethanol, 
 []


Overfull \hbox (18.37943pt too wide) in paragraph at lines 1060--1061
\TU/lmr/m/n/10 diesel/biodiesel, 
 []


Overfull \hbox (3.04942pt too wide) in paragraph at lines 1061--1062
[]|\TU/lmr/m/n/10 gas/ethanol, 
 []


Overfull \hbox (18.37943pt too wide) in paragraph at lines 1061--1062
\TU/lmr/m/n/10 diesel/biodiesel, 
 []


Overfull \hbox (0.76942pt too wide) in paragraph at lines 1061--1062
\TU/lmr/m/n/10 CNG/RNG|  
 []

[28] [29]
Underfull \vbox (badness 10000) has occurred while \output is active []

[30] [31] [32] [33] [34] [35] [36] [37]

Package hyperref Warning: Suppressing link with empty target on input line 1357
.

[38]
Underfull \hbox (badness 5607) in paragraph at lines 1388--1390
\TU/lmtt/m/n/10 CalculateVehicleOperatingCost \TU/lmr/m/n/10 module in the \TU/
lmtt/m/n/10 VETravelPerformance
 []

[39] [40] [41] [42] [43] [44] [45] [46] [47] [48]
Underfull \vbox (badness 1077) has occurred while \output is active []

[49] [50] [51]
Underfull \hbox (badness 1917) in paragraph at lines 1781--1783
\TU/lmr/m/n/10 of travel (VHT). Both measures are approximated for each []metro
poli-
 []

[52] [53] [54

]
Chapter 3.
[55] [56

]
Chapter 4.
[57]
File: images/verpat-place-types.jpg Graphic file (type bmp)
<images/verpat-place-types.jpg>
[58]
Chapter 5.
[59

] [60]
File: images/Azone_geo_file.png Graphic file (type bmp)
<images/Azone_geo_file.png>
File: images/Azone_Bzone_geo_file.png Graphic file (type bmp)
<images/Azone_Bzone_geo_file.png>
[61]

Package longtable Warning: Column widths have changed
(longtable)                in table 5.1 on input line 1965.

[62] [63] [64

]
Chapter 6.
[65] [66]

Package longtable Warning: Column widths have changed
(longtable)                in table 6.1 on input line 2087.

[67]

Package longtable Warning: Column widths have changed
(longtable)                in table 6.2 on input line 2113.


Package longtable Warning: Column widths have changed
(longtable)                in table 6.3 on input line 2139.

[68] [69]
Underfull \vbox (badness 5274) has occurred while \output is active []

[70]
Underfull \vbox (badness 2884) has occurred while \output is active []

[71]
Underfull \hbox (badness 10000) in paragraph at lines 2260--2262

 []

[72] [73] [74] [75]
Underfull \hbox (badness 10000) in paragraph at lines 2321--2323

 []


Overfull \hbox (7.47285pt too wide) in paragraph at lines 2337--2338
[]\TU/lmr/m/n/10 Vehicle 
 []


Overfull \hbox (4.63286pt too wide) in paragraph at lines 2337--2338
\TU/lmr/m/n/10 Group  
 []


Overfull \hbox (6.9739pt too wide) in paragraph at lines 2341--2342
[]\TU/lmr/m/n/10 Powertrain 
 []


Overfull \hbox (22.08286pt too wide) in paragraph at lines 2351--2351
[]|\TU/lmr/m/n/10 Household|  
 []


Overfull \hbox (3.18962pt too wide) in paragraph at lines 2351--2351
[]|\TU/lmr/m/n/10 automobile, 
 []


Overfull \hbox (9.72105pt too wide) in paragraph at lines 2351--2351
\TU/lmr/m/n/10 diesel/biodiesel, 
 []


Overfull \hbox (3.18962pt too wide) in paragraph at lines 2352--2352
[]|\TU/lmr/m/n/10 automobile, 
 []


Overfull \hbox (9.72105pt too wide) in paragraph at lines 2352--2352
\TU/lmr/m/n/10 diesel/biodiesel, 
 []


Overfull \hbox (28.98286pt too wide) in paragraph at lines 2353--2353
[]|\TU/lmr/m/n/10 Commercial 
 []


Overfull \hbox (3.18962pt too wide) in paragraph at lines 2353--2353
[]|\TU/lmr/m/n/10 automobile, 
 []


Overfull \hbox (9.72105pt too wide) in paragraph at lines 2353--2353
\TU/lmr/m/n/10 diesel/biodiesel, 
 []


Overfull \hbox (3.59286pt too wide) in paragraph at lines 2354--2354
[]|\TU/lmr/m/n/10 Heavy 
 []


Overfull \hbox (1.69286pt too wide) in paragraph at lines 2354--2354
\TU/lmr/m/n/10 Truck|  
 []


Overfull \hbox (9.72105pt too wide) in paragraph at lines 2354--2354
\TU/lmr/m/n/10 diesel/biodiesel, 
 []


Overfull \hbox (4.67287pt too wide) in paragraph at lines 2355--2355
[]|\TU/lmr/m/n/10 Public 
 []


Overfull \hbox (9.72105pt too wide) in paragraph at lines 2355--2355
\TU/lmr/m/n/10 diesel/biodiesel, 
 []


Underfull \vbox (badness 10000) has occurred while \output is active []

[76] [77] [78]
Underfull \hbox (badness 1715) in paragraph at lines 2411--2413
[]\TU/lmr/bx/n/10 Speed smoothing programs \TU/lmr/m/n/10 - Insufficient aggreg
ate perfor-
 []

[79]
Underfull \hbox (badness 10000) in paragraph at lines 2432--2434

 []


Underfull \hbox (badness 4366) in paragraph at lines 2434--2436
[][]\TU/lmr/bx/n/10 azone_hh_pop_by_age.csv[] \TU/lmr/m/n/10 This file contains
 population esti-
 []


Underfull \hbox (badness 10000) in paragraph at lines 2438--2440
[][]\TU/lmr/bx/n/10 azone_hh_veh_own_taxes.csv[] \TU/lmr/m/n/10 This file provi
des inputs for
 []


Underfull \hbox (badness 10000) in paragraph at lines 2438--2440

 []

[80]
Underfull \hbox (badness 1577) in paragraph at lines 2458--2460
[][]\TU/lmr/bx/n/10 bzone_carsvc_availability.csv[] \TU/lmr/m/n/10 This file co
ntains the information
 []


Underfull \hbox (badness 10000) in paragraph at lines 2466--2468

 []

[81]
Underfull \hbox (badness 5475) in paragraph at lines 2492--2494
[][]\TU/lmr/bx/n/10 marea_transit_ave_fuel_carbon_intensity.csv[] \TU/lmr/m/n/1
0 (optional) This
 []

[82] [83]
Overfull \hbox (53.61166pt too wide) in paragraph at lines 2558--2559
 []\TU/lmr/m/n/10 HighCarSvcCost.2010 
 []


Overfull \hbox (50.96167pt too wide) in paragraph at lines 2560--2561
 []\TU/lmr/m/n/10 LowCarSvcCost.2010 
 []


Overfull \hbox (53.69167pt too wide) in paragraph at lines 2562--2563
 []\TU/lmr/m/n/10 AveCarSvcVehicleAge 
 []


Overfull \hbox (53.89166pt too wide) in paragraph at lines 2564--2565
 []\TU/lmr/m/n/10 LtTrkCarSvcSubProp 
 []


Overfull \hbox (49.45166pt too wide) in paragraph at lines 2566--2567
 []\TU/lmr/m/n/10 AutoCarSvcSubProp 
 []


Overfull \hbox (10.20833pt too wide) in paragraph at lines 2570--2570
[]|\TU/lmr/m/n/10 RVMPO|  
 []


Overfull \hbox (10.20833pt too wide) in paragraph at lines 2571--2571
[]|\TU/lmr/m/n/10 RVMPO|  
 []

LaTeX Font Info:    Font shape `TU/latinmodern-math.otf(1)/m/n' will be
(Font)              scaled to size 7.0pt on input line 2592.
LaTeX Font Info:    Font shape `TU/latinmodern-math.otf(1)/m/n' will be
(Font)              scaled to size 5.0pt on input line 2592.
LaTeX Font Info:    Font shape `TU/latinmodern-math.otf(2)/m/n' will be
(Font)              scaled to size 10.00092pt on input line 2592.
LaTeX Font Info:    Font shape `TU/latinmodern-math.otf(2)/m/n' will be
(Font)              scaled to size 7.00064pt on input line 2592.
LaTeX Font Info:    Font shape `TU/latinmodern-math.otf(2)/m/n' will be
(Font)              scaled to size 5.00046pt on input line 2592.
LaTeX Font Info:    Font shape `TU/latinmodern-math.otf(3)/m/n' will be
(Font)              scaled to size 9.99893pt on input line 2592.
LaTeX Font Info:    Font shape `TU/latinmodern-math.otf(3)/m/n' will be
(Font)              scaled to size 6.99925pt on input line 2592.
LaTeX Font Info:    Font shape `TU/latinmodern-math.otf(3)/m/n' will be
(Font)              scaled to size 4.99947pt on input line 2592.

Overfull \hbox (65.99997pt too wide) in paragraph at lines 2592--2601
[][] 
 []

[84]

Package longtable Warning: Column widths have changed
(longtable)                in table 6.6 on input line 2623.


Package longtable Warning: Column widths have changed
(longtable)                in table 6.7 on input line 2648.


Overfull \hbox (185.49997pt too wide) in paragraph at lines 2677--2686
 [][] 
 []

[85]
Overfull \hbox (6.06517pt too wide) in paragraph at lines 2728--2729
 []\TU/lmr/m/n/10 Age0to14 
 []


Overfull \hbox (11.16518pt too wide) in paragraph at lines 2730--2731
 []\TU/lmr/m/n/10 Age15to19 
 []


Overfull \hbox (11.16518pt too wide) in paragraph at lines 2732--2733
 []\TU/lmr/m/n/10 Age20to29 
 []


Overfull \hbox (11.06517pt too wide) in paragraph at lines 2734--2735
 []\TU/lmr/m/n/10 Age30to54 
 []


Overfull \hbox (11.06517pt too wide) in paragraph at lines 2736--2737
 []\TU/lmr/m/n/10 Age55to64 
 []


Overfull \hbox (11.61517pt too wide) in paragraph at lines 2738--2739
 []\TU/lmr/m/n/10 Age65Plus 
 []


Overfull \hbox (14.80153pt too wide) in paragraph at lines 2742--2742
[]|\TU/lmr/m/n/10 RVMPO|  
 []


Overfull \hbox (14.80153pt too wide) in paragraph at lines 2743--2743
[]|\TU/lmr/m/n/10 RVMPO|  
 []

[86]

Package longtable Warning: Column widths have changed
(longtable)                in table 6.9 on input line 2822.

[87]
Underfull \hbox (badness 1215) in paragraph at lines 2873--2874
\TU/lmr/m/n/10 This file contains information on regional average per capita ho
usehold
 []

[88]
Overfull \hbox (119.98996pt too wide) in paragraph at lines 2935--2944
 [][] 
 []


Package longtable Warning: Column widths have changed
(longtable)                in table 6.10 on input line 2971.


Overfull \hbox (1.45398pt too wide) in paragraph at lines 3000--3001
[]\TU/lmr/m/n/10 Year  
 []


Overfull \hbox (17.42659pt too wide) in paragraph at lines 3002--3003
[]\TU/lmr/m/n/10 OwnedVehAccessTime  
 []


Overfull \hbox (13.18085pt too wide) in paragraph at lines 3004--3005
[]\TU/lmr/m/n/10 HighCarSvcAccessTime  
 []


Overfull \hbox (15.01286pt too wide) in paragraph at lines 3006--3007
[]\TU/lmr/m/n/10 LowCarSvcAccessTime  
 []


Overfull \hbox (14.99571pt too wide) in paragraph at lines 3010--3010
[]|\TU/lmr/m/n/10 RVMPO|  
 []


Overfull \hbox (2.00398pt too wide) in paragraph at lines 3010--3010
[]|\TU/lmr/m/n/10 2010|  
 []


Overfull \hbox (14.99571pt too wide) in paragraph at lines 3011--3011
[]|\TU/lmr/m/n/10 RVMPO|  
 []


Overfull \hbox (2.00398pt too wide) in paragraph at lines 3011--3011
[]|\TU/lmr/m/n/10 2038|  
 []

[89] [90]
Overfull \hbox (59.62999pt too wide) in paragraph at lines 3130--3145
[][] 
 []

[91]
Overfull \hbox (275.38998pt too wide) in paragraph at lines 3215--3230
[][] 
 []

[92] [93]
Overfull \hbox (301.17996pt too wide) in paragraph at lines 3318--3333
[][] 
 []

[94]
Overfull \hbox (845.54999pt too wide) in paragraph at lines 3388--3397
[][] 
 []

[95]
Overfull \hbox (585.63997pt too wide) in paragraph at lines 3425--3432
[][] 
 []


Overfull \hbox (446.71997pt too wide) in paragraph at lines 3481--3490
[][] 
 []

[96]
Overfull \hbox (4.09001pt too wide) in alignment at lines 3514--3518
 [] [] [] [] [] [] 
 []


Package longtable Warning: Column widths have changed
(longtable)                in table 6.12 on input line 3518.


Overfull \hbox (8.23999pt too wide) in paragraph at lines 3537--3546
[][] 
 []

[97]
Overfull \hbox (105.19998pt too wide) in paragraph at lines 3564--3573
[][] 
 []


Overfull \hbox (369.39998pt too wide) in paragraph at lines 3601--3610
[][] 
 []

[98]
Overfull \hbox (345.99995pt too wide) in paragraph at lines 3640--3649
[][] 
 []


Overfull \hbox (187.75993pt too wide) in paragraph at lines 3677--3686
[][] 
 []


Underfull \vbox (badness 2359) has occurred while \output is active []

[99]
Overfull \hbox (293.58995pt too wide) in paragraph at lines 3708--3723
[][] 
 []

[100]
Overfull \hbox (270.42996pt too wide) in paragraph at lines 3749--3758
[][] 
 []


Overfull \hbox (71.67998pt too wide) in paragraph at lines 3776--3783
[][] 
 []


Overfull \hbox (366.42pt too wide) in paragraph at lines 3807--3816
[][] 
 []

[101]
Overfull \hbox (398.15997pt too wide) in paragraph at lines 3863--3872
[][] 
 []

[102]
Overfull \hbox (161.51997pt too wide) in paragraph at lines 3894--3903
[][] 
 []

[103]
Overfull \hbox (9.94815pt too wide) in paragraph at lines 3969--3970
[]\TU/lmr/m/n/10 Year  
 []


Overfull \hbox (58.4941pt too wide) in paragraph at lines 3971--3972
[]\TU/lmr/m/n/10 RoadBaseModCost.2005  
 []


Overfull \hbox (67.09642pt too wide) in paragraph at lines 3973--3974
[]\TU/lmr/m/n/10 RoadPresOpMaintCost.2005  
 []


Overfull \hbox (48.3671pt too wide) in paragraph at lines 3975--3976
[]\TU/lmr/m/n/10 RoadOtherCost.2005  
 []


Overfull \hbox (54.2841pt too wide) in paragraph at lines 3977--3978
[]\TU/lmr/m/n/10 FwyLnMiCost.2005.1e3  
 []


Overfull \hbox (51.0141pt too wide) in paragraph at lines 3979--3980
[]\TU/lmr/m/n/10 ArtLnMiCost.2005.1e3  
 []


Overfull \hbox (33.11606pt too wide) in paragraph at lines 3981--3982
[]\TU/lmr/m/n/10 HvyTrkPCE  
 []


Overfull \hbox (10.49815pt too wide) in paragraph at lines 3985--3985
[]|\TU/lmr/m/n/10 2010|  
 []


Overfull \hbox (10.49815pt too wide) in paragraph at lines 3986--3986
[]|\TU/lmr/m/n/10 2038|  
 []


Underfull \hbox (badness 4366) in paragraph at lines 4009--4011
[][]\TU/lmr/bx/n/10 azone_hh_pop_by_age.csv[] \TU/lmr/m/n/10 This file contains
 population esti-
 []


Underfull \hbox (badness 10000) in paragraph at lines 4013--4016
[][]\TU/lmr/bx/n/10 azone_hh_veh_own_taxes.csv[] \TU/lmr/m/n/10 This file provi
des inputs for
 []

[104]
Underfull \hbox (badness 10000) in paragraph at lines 4016--4018

 []

[105]
Underfull \hbox (badness 3148) in paragraph at lines 4054--4056
[][]\TU/lmr/bx/n/10 marea_parking-cost_by_area-type.csv[] \TU/lmr/m/n/10 This f
ile has the data
 []

[106]
Underfull \hbox (badness 1173) in paragraph at lines 4068--4070
[][]\TU/lmr/bx/n/10 marea_travel-demand-mgt_by_area-type.csv[] \TU/lmr/m/n/10 T
his file has the
 []

[107] [108] [109] [110]
Underfull \hbox (badness 1215) in paragraph at lines 4332--4333
\TU/lmr/m/n/10 This file contains information on regional average per capita ho
usehold
 []

[111] [112] [113] [114] [115] [116] [117] [118] [119] [120] [121] [122] [123]
Overfull \hbox (9.94815pt too wide) in paragraph at lines 5041--5042
[]\TU/lmr/m/n/10 Year  
 []


Overfull \hbox (58.4941pt too wide) in paragraph at lines 5043--5044
[]\TU/lmr/m/n/10 RoadBaseModCost.2005  
 []


Overfull \hbox (67.09642pt too wide) in paragraph at lines 5045--5046
[]\TU/lmr/m/n/10 RoadPresOpMaintCost.2005  
 []


Overfull \hbox (48.3671pt too wide) in paragraph at lines 5047--5048
[]\TU/lmr/m/n/10 RoadOtherCost.2005  
 []


Overfull \hbox (54.2841pt too wide) in paragraph at lines 5049--5050
[]\TU/lmr/m/n/10 FwyLnMiCost.2005.1e3  
 []


Overfull \hbox (51.0141pt too wide) in paragraph at lines 5051--5052
[]\TU/lmr/m/n/10 ArtLnMiCost.2005.1e3  
 []


Overfull \hbox (33.11606pt too wide) in paragraph at lines 5053--5054
[]\TU/lmr/m/n/10 HvyTrkPCE  
 []


Overfull \hbox (10.49815pt too wide) in paragraph at lines 5057--5057
[]|\TU/lmr/m/n/10 2010|  
 []


Overfull \hbox (10.49815pt too wide) in paragraph at lines 5058--5058
[]|\TU/lmr/m/n/10 2040|  
 []


Overfull \hbox (34.60893pt too wide) in paragraph at lines 5071--5085
[][]\TU/lmr/bx/n/10 Demand[] \TU/lmr/m/n/10 - CSV Inputs - []region_trips_per_c
ap.csv[] - []azone_employment_by_naics.csv[]
 []


Overfull \hbox (33.40002pt too wide) in paragraph at lines 5071--5085
\TU/lmr/m/n/10 - []azone_hh_pop_by_age.csv[] - []azone_gq_pop_by_age.csv[] - []
azone_hhsize_targets.csv[]
 []


Overfull \hbox (42.03001pt too wide) in paragraph at lines 5071--5085
\TU/lmr/m/n/10 - []azone_per_cap_inc.csv[] - []azone_relative_employment.csv[] 
- []region_truck_bus_vmt.csv[]
 []

[124] [125]

Package longtable Warning: Column widths have changed
(longtable)                in table 6.18 on input line 5246.

[126]

Package longtable Warning: Column widths have changed
(longtable)                in table 6.19 on input line 5279.

[127]
Overfull \hbox (17.26587pt too wide) in paragraph at lines 5347--5348
[]\TU/lmr/m/n/10 county  
 []


Overfull \hbox (12.76656pt too wide) in paragraph at lines 5349--5350
[]\TU/lmr/m/n/10 year  
 []


Overfull \hbox (14.03488pt too wide) in paragraph at lines 5351--5352
[]\TU/lmr/m/n/10 naics  
 []


Overfull \hbox (13.19655pt too wide) in paragraph at lines 5353--5354
[]\TU/lmr/m/n/10 emp  
 []


Overfull \hbox (6.86655pt too wide) in paragraph at lines 5355--5356
[]\TU/lmr/m/n/10 est  
 []


Overfull \hbox (17.57654pt too wide) in paragraph at lines 5357--5358
[]\TU/lmr/m/n/10 n1_4  
 []


Overfull \hbox (17.67654pt too wide) in paragraph at lines 5359--5360
[]\TU/lmr/m/n/10 n5_9  
 []


Overfull \hbox (25.12488pt too wide) in paragraph at lines 5361--5362
[]\TU/lmr/m/n/10 n10_19  
 []


Overfull \hbox (25.12488pt too wide) in paragraph at lines 5363--5364
[]\TU/lmr/m/n/10 n20_49  
 []


Overfull \hbox (25.12488pt too wide) in paragraph at lines 5365--5366
[]\TU/lmr/m/n/10 n50_99  
 []


Overfull \hbox (32.5603pt too wide) in paragraph at lines 5367--5368
[]\TU/lmr/m/n/10 n100_249  
 []


Overfull \hbox (32.5603pt too wide) in paragraph at lines 5369--5370
[]\TU/lmr/m/n/10 n250_499  
 []


Overfull \hbox (32.5603pt too wide) in paragraph at lines 5371--5372
[]\TU/lmr/m/n/10 n500_999  
 []


Overfull \hbox (18.89426pt too wide) in paragraph at lines 5373--5374
[]\TU/lmr/m/n/10 n1000  
 []


Overfull \hbox (28.09259pt too wide) in paragraph at lines 5375--5376
[]\TU/lmr/m/n/10 n1000_1  
 []


Overfull \hbox (28.84259pt too wide) in paragraph at lines 5377--5378
[]\TU/lmr/m/n/10 n1000_2  
 []


Overfull \hbox (28.84259pt too wide) in paragraph at lines 5379--5380
[]\TU/lmr/m/n/10 n1000_3  
 []


Overfull \hbox (28.74258pt too wide) in paragraph at lines 5381--5382
[]\TU/lmr/m/n/10 n1000_4  
 []


Overfull \hbox (39.31587pt too wide) in paragraph at lines 5385--5385
[]|\TU/lmr/m/n/10 Multnomah|  
 []


Overfull \hbox (14.86655pt too wide) in paragraph at lines 5385--5385
[]|\TU/lmr/m/n/10 2005|  
 []


Overfull \hbox (22.31488pt too wide) in paragraph at lines 5385--5385
[]|\TU/lmr/m/n/10 113110|  
 []


Overfull \hbox (39.31587pt too wide) in paragraph at lines 5386--5386
[]|\TU/lmr/m/n/10 Multnomah|  
 []


Overfull \hbox (14.86655pt too wide) in paragraph at lines 5386--5386
[]|\TU/lmr/m/n/10 2005|  
 []


Overfull \hbox (22.31488pt too wide) in paragraph at lines 5386--5386
[]|\TU/lmr/m/n/10 113310|  
 []


Overfull \hbox (39.31587pt too wide) in paragraph at lines 5387--5387
[]|\TU/lmr/m/n/10 Multnomah|  
 []


Overfull \hbox (14.86655pt too wide) in paragraph at lines 5387--5387
[]|\TU/lmr/m/n/10 2005|  
 []


Overfull \hbox (22.31488pt too wide) in paragraph at lines 5387--5387
[]|\TU/lmr/m/n/10 114111|  
 []


Overfull \hbox (39.31587pt too wide) in paragraph at lines 5388--5388
[]|\TU/lmr/m/n/10 Multnomah|  
 []


Overfull \hbox (14.86655pt too wide) in paragraph at lines 5388--5388
[]|\TU/lmr/m/n/10 2005|  
 []


Overfull \hbox (22.31488pt too wide) in paragraph at lines 5388--5388
[]|\TU/lmr/m/n/10 114112|  
 []


Overfull \hbox (39.31587pt too wide) in paragraph at lines 5389--5389
[]|\TU/lmr/m/n/10 Multnomah|  
 []


Overfull \hbox (14.86655pt too wide) in paragraph at lines 5389--5389
[]|\TU/lmr/m/n/10 2005|  
 []


Overfull \hbox (22.31488pt too wide) in paragraph at lines 5389--5389
[]|\TU/lmr/m/n/10 115114|  
 []


Overfull \hbox (39.31587pt too wide) in paragraph at lines 5390--5390
[]|\TU/lmr/m/n/10 Multnomah|  
 []


Overfull \hbox (14.86655pt too wide) in paragraph at lines 5390--5390
[]|\TU/lmr/m/n/10 2005|  
 []


Overfull \hbox (22.31488pt too wide) in paragraph at lines 5390--5390
[]|\TU/lmr/m/n/10 115210|  
 []


Overfull \hbox (39.31587pt too wide) in paragraph at lines 5391--5391
[]|\TU/lmr/m/n/10 Multnomah|  
 []


Overfull \hbox (14.86655pt too wide) in paragraph at lines 5391--5391
[]|\TU/lmr/m/n/10 2005|  
 []


Overfull \hbox (22.31488pt too wide) in paragraph at lines 5391--5391
[]|\TU/lmr/m/n/10 115310|  
 []


Overfull \hbox (39.31587pt too wide) in paragraph at lines 5392--5392
[]|\TU/lmr/m/n/10 Multnomah|  
 []


Overfull \hbox (14.86655pt too wide) in paragraph at lines 5392--5392
[]|\TU/lmr/m/n/10 2005|  
 []


Overfull \hbox (22.31488pt too wide) in paragraph at lines 5392--5392
[]|\TU/lmr/m/n/10 212319|  
 []


Overfull \hbox (39.31587pt too wide) in paragraph at lines 5393--5393
[]|\TU/lmr/m/n/10 Multnomah|  
 []


Overfull \hbox (14.86655pt too wide) in paragraph at lines 5393--5393
[]|\TU/lmr/m/n/10 2005|  
 []


Overfull \hbox (22.31488pt too wide) in paragraph at lines 5393--5393
[]|\TU/lmr/m/n/10 212321|  
 []

[128]
Overfull \hbox (3.63531pt too wide) in paragraph at lines 5435--5436
[]\TU/lmr/m/n/10 Year  
 []


Overfull \hbox (8.46664pt too wide) in paragraph at lines 5437--5438
[]\TU/lmr/m/n/10 Age0to14  
 []


Overfull \hbox (9.60004pt too wide) in paragraph at lines 5439--5440
[]\TU/lmr/m/n/10 Age15to19  
 []


Overfull \hbox (9.60004pt too wide) in paragraph at lines 5441--5442
[]\TU/lmr/m/n/10 Age20to29  
 []


Overfull \hbox (9.50003pt too wide) in paragraph at lines 5443--5444
[]\TU/lmr/m/n/10 Age30to54  
 []


Overfull \hbox (9.50003pt too wide) in paragraph at lines 5445--5446
[]\TU/lmr/m/n/10 Age55to64  
 []


Overfull \hbox (10.05003pt too wide) in paragraph at lines 5447--5448
[]\TU/lmr/m/n/10 Age65Plus  
 []


Overfull \hbox (15.25005pt too wide) in paragraph at lines 5451--5451
[]|\TU/lmr/m/n/10 Multnomah|  
 []


Overfull \hbox (4.18532pt too wide) in paragraph at lines 5451--5451
[]|\TU/lmr/m/n/10 2005|  
 []


Overfull \hbox (15.25005pt too wide) in paragraph at lines 5452--5452
[]|\TU/lmr/m/n/10 Multnomah|  
 []


Overfull \hbox (4.18532pt too wide) in paragraph at lines 5452--5452
[]|\TU/lmr/m/n/10 2035|  
 []


Overfull \hbox (7.02446pt too wide) in paragraph at lines 5492--5493
[]\TU/lmr/m/n/10 Year  
 []


Overfull \hbox (23.61986pt too wide) in paragraph at lines 5494--5495
[]\TU/lmr/m/n/10 GrpAge0to14  
 []


Overfull \hbox (25.61348pt too wide) in paragraph at lines 5496--5497
[]\TU/lmr/m/n/10 GrpAge15to19  
 []


Overfull \hbox (25.61348pt too wide) in paragraph at lines 5498--5499
[]\TU/lmr/m/n/10 GrpAge20to29  
 []


Overfull \hbox (25.51347pt too wide) in paragraph at lines 5500--5501
[]\TU/lmr/m/n/10 GrpAge30to54  
 []


Overfull \hbox (25.51347pt too wide) in paragraph at lines 5502--5503
[]\TU/lmr/m/n/10 GrpAge55to64  
 []


Overfull \hbox (26.06348pt too wide) in paragraph at lines 5504--5505
[]\TU/lmr/m/n/10 GrpAge65Plus  
 []


Overfull \hbox (22.89653pt too wide) in paragraph at lines 5508--5508
[]|\TU/lmr/m/n/10 Multnomah|  
 []


Overfull \hbox (7.57446pt too wide) in paragraph at lines 5508--5508
[]|\TU/lmr/m/n/10 2005|  
 []


Overfull \hbox (22.89653pt too wide) in paragraph at lines 5509--5509
[]|\TU/lmr/m/n/10 Multnomah|  
 []


Overfull \hbox (7.57446pt too wide) in paragraph at lines 5509--5509
[]|\TU/lmr/m/n/10 2035|  
 []

[129]

Package longtable Warning: Column widths have changed
(longtable)                in table 6.23 on input line 5536.


Package longtable Warning: Column widths have changed
(longtable)                in table 6.24 on input line 5552.


Overfull \hbox (4.49115pt too wide) in paragraph at lines 5587--5588
[]\TU/lmr/m/n/10 Year  
 []


Overfull \hbox (19.03929pt too wide) in paragraph at lines 5589--5590
[]\TU/lmr/m/n/10 RelEmp15to19  
 []


Overfull \hbox (19.03929pt too wide) in paragraph at lines 5591--5592
[]\TU/lmr/m/n/10 RelEmp20to29  
 []


Overfull \hbox (18.93929pt too wide) in paragraph at lines 5593--5594
[]\TU/lmr/m/n/10 RelEmp30to54  
 []


Overfull \hbox (18.93929pt too wide) in paragraph at lines 5595--5596
[]\TU/lmr/m/n/10 RelEmp55to64  
 []


Overfull \hbox (19.4893pt too wide) in paragraph at lines 5597--5598
[]\TU/lmr/m/n/10 RelEmp65Plus  
 []


Overfull \hbox (17.1874pt too wide) in paragraph at lines 5601--5601
[]|\TU/lmr/m/n/10 Multnomah|  
 []


Overfull \hbox (5.04115pt too wide) in paragraph at lines 5601--5601
[]|\TU/lmr/m/n/10 2005|  
 []


Overfull \hbox (17.1874pt too wide) in paragraph at lines 5602--5602
[]|\TU/lmr/m/n/10 Multnomah|  
 []


Overfull \hbox (5.04115pt too wide) in paragraph at lines 5602--5602
[]|\TU/lmr/m/n/10 2035|  
 []

[130]

Package longtable Warning: Column widths have changed
(longtable)                in table 6.26 on input line 5621.

[131] [132]

Package longtable Warning: Column widths have changed
(longtable)                in table 6.27 on input line 5703.


Package longtable Warning: Column widths have changed
(longtable)                in table 6.28 on input line 5720.

[133]

Package longtable Warning: Column widths have changed
(longtable)                in table 6.29 on input line 5751.


Package longtable Warning: Column widths have changed
(longtable)                in table 6.30 on input line 5769.

[134]

Package longtable Warning: Column widths have changed
(longtable)                in table 6.31 on input line 5799.


Overfull \hbox (6.75726pt too wide) in paragraph at lines 5834--5835
[]\TU/lmr/m/n/10 Year  
 []


Overfull \hbox (31.4008pt too wide) in paragraph at lines 5836--5837
[]\TU/lmr/m/n/10 PropWorkParking  
 []


Overfull \hbox (34.03079pt too wide) in paragraph at lines 5838--5839
[]\TU/lmr/m/n/10 PropWorkCharged  
 []


Overfull \hbox (25.05353pt too wide) in paragraph at lines 5840--5841
[]\TU/lmr/m/n/10 PropCashOut  
 []


Overfull \hbox (32.80074pt too wide) in paragraph at lines 5842--5843
[]\TU/lmr/m/n/10 PropOtherCharged  
 []


Overfull \hbox (25.87074pt too wide) in paragraph at lines 5844--5845
[]\TU/lmr/m/n/10 ParkingCost.2000  
 []


Overfull \hbox (22.26532pt too wide) in paragraph at lines 5848--5848
[]|\TU/lmr/m/n/10 Multnomah|  
 []


Overfull \hbox (7.30727pt too wide) in paragraph at lines 5848--5848
[]|\TU/lmr/m/n/10 2005|  
 []


Overfull \hbox (22.26532pt too wide) in paragraph at lines 5849--5849
[]|\TU/lmr/m/n/10 Multnomah|  
 []


Overfull \hbox (7.30727pt too wide) in paragraph at lines 5849--5849
[]|\TU/lmr/m/n/10 2035|  
 []

[135]
Underfull \vbox (badness 1320) has occurred while \output is active []

[136] [137]

Package longtable Warning: Column widths have changed
(longtable)                in table 6.33 on input line 6000.


Underfull \vbox (badness 1112) has occurred while \output is active []

[138] [139]

Package longtable Warning: Column widths have changed
(longtable)                in table 6.36 on input line 6076.

[140]
Overfull \hbox (3.552pt too wide) in paragraph at lines 6142--6143
[]\TU/lmr/m/n/10 Density  
 []


Overfull \hbox (1.28586pt too wide) in paragraph at lines 6144--6145
[]\TU/lmr/m/n/10 Diversity  
 []


Overfull \hbox (4.2242pt too wide) in paragraph at lines 6146--6147
[]\TU/lmr/m/n/10 Design  
 []


Overfull \hbox (6.84206pt too wide) in paragraph at lines 6148--6149
[]\TU/lmr/m/n/10 Regional_Accessibility  
 []


Overfull \hbox (13.15994pt too wide) in paragraph at lines 6150--6151
[]\TU/lmr/m/n/10 Distance_to_Transit  
 []


Overfull \hbox (10.59206pt too wide) in paragraph at lines 6155--6155
[]|\TU/lmr/m/n/10 Sub_R|  
 []


Overfull \hbox (10.04205pt too wide) in paragraph at lines 6156--6156
[]|\TU/lmr/m/n/10 Sub_E|  
 []


Overfull \hbox (12.40205pt too wide) in paragraph at lines 6157--6157
[]|\TU/lmr/m/n/10 Sub_M|  
 []


Overfull \hbox (10.45204pt too wide) in paragraph at lines 6158--6158
[]|\TU/lmr/m/n/10 Sub_T|  
 []


Overfull \hbox (11.96205pt too wide) in paragraph at lines 6159--6159
[]|\TU/lmr/m/n/10 CIC_R|  
 []


Overfull \hbox (11.41205pt too wide) in paragraph at lines 6160--6160
[]|\TU/lmr/m/n/10 CIC_E|  
 []


Overfull \hbox (13.77205pt too wide) in paragraph at lines 6161--6161
[]|\TU/lmr/m/n/10 CIC_M|  
 []


Overfull \hbox (11.82205pt too wide) in paragraph at lines 6162--6162
[]|\TU/lmr/m/n/10 CIC_T|  
 []


Overfull \hbox (8.63205pt too wide) in paragraph at lines 6163--6163
[]|\TU/lmr/m/n/10 UC_R|  
 []


Overfull \hbox (8.08205pt too wide) in paragraph at lines 6164--6164
[]|\TU/lmr/m/n/10 UC_E|  
 []


Overfull \hbox (10.44205pt too wide) in paragraph at lines 6165--6165
[]|\TU/lmr/m/n/10 UC_M|  
 []


Overfull \hbox (8.49205pt too wide) in paragraph at lines 6166--6166
[]|\TU/lmr/m/n/10 UC_T|  
 []

[141] [142] [143]
Overfull \hbox (25.01364pt too wide) in paragraph at lines 6272--6273
[]\TU/lmr/m/n/10 WorkSchedulePolicy  
 []


Overfull \hbox (26.82607pt too wide) in paragraph at lines 6274--6275
[]\TU/lmr/m/n/10 Participation0  
 []


Overfull \hbox (26.07607pt too wide) in paragraph at lines 6276--6277
[]\TU/lmr/m/n/10 Participation1  
 []


Overfull \hbox (26.82607pt too wide) in paragraph at lines 6278--6279
[]\TU/lmr/m/n/10 Participation2  
 []


Overfull \hbox (26.82607pt too wide) in paragraph at lines 6280--6281
[]\TU/lmr/m/n/10 Participation3  
 []


Overfull \hbox (26.72606pt too wide) in paragraph at lines 6282--6283
[]\TU/lmr/m/n/10 Participation4  
 []


Overfull \hbox (26.82607pt too wide) in paragraph at lines 6284--6285
[]\TU/lmr/m/n/10 Participation5  
 []


Overfull \hbox (64.23363pt too wide) in paragraph at lines 6290--6290
[]|\TU/lmr/m/n/10 TelecommuteoneandhalfDays|  
 []

[144]
Overfull \hbox (7.66986pt too wide) in paragraph at lines 6371--6372
[]\TU/lmr/m/n/10 LtTruckMpg  
 []


LaTeX Warning: File `./VERPAT_images/vdots.gif' not found on input line 6385.


! LaTeX Error: File `./VERPAT_images/vdots.gif' not found.

See the LaTeX manual or LaTeX Companion for explanation.
Type  H <return>  for immediate help.
 ...                                              
                                                  
l.6385 \includegraphics{./VERPAT_images/vdots.gif}
                                                   & \includegraphics{./VERP...
 
Here is how much of TeX's memory you used:
 20921 strings out of 475865
 381086 string characters out of 5805584
 899551 words of memory out of 5000000
 41623 multiletter control sequences out of 15000+600000
 475840 words of font info for 85 fonts, out of 8000000 for 9000
 1348 hyphenation exceptions out of 8191
 86i,9n,121p,1887b,508s stack positions out of 10000i,1000n,20000p,200000b,200000s
Output written on user_guide.pdf (144 pages).
